<?xml version="1.0" encoding="UTF-8"?>
<!-- Generated by org.testng.reporters.JUnitReportReporter -->
<testsuite hostname="Ponkarthikas-MacBook-Air.local" failures="0" tests="1" name="com.amazon.amazon_automaed" time="81.432" errors="0" timestamp="2022-07-17T08:46:10 IST" skipped="0">
  <testcase classname="com.amazon.amazon_automaed" name="login" time="81.432"/>
  <system-out/>
</testsuite> <!-- com.amazon.amazon_automaed -->
